Sat May 23 2020 14:03:03 GMT+0530 (India Standard Time): GET /about:21r2
Sat May 23 2020 14:03:06 GMT+0530 (India Standard Time): GET /about
Sat May 23 2020 14:03:10 GMT+0530 (India Standard Time): GET /
Sat May 23 2020 16:22:44 GMT+0530 (India Standard Time): GET /
Sat May 23 2020 16:29:32 GMT+0530 (India Standard Time): GET /json
Sat May 23 2020 16:29:35 GMT+0530 (India Standard Time): GET /json
Sat May 23 2020 16:31:14 GMT+0530 (India Standard Time): GET /projecs
Sat May 23 2020 16:31:25 GMT+0530 (India Standard Time): GET /projetcs
Sat May 23 2020 16:31:35 GMT+0530 (India Standard Time): GET /Projects
Sat May 23 2020 16:31:57 GMT+0530 (India Standard Time): GET /Projects
Sat May 23 2020 16:32:04 GMT+0530 (India Standard Time): GET /
Sat May 23 2020 16:32:07 GMT+0530 (India Standard Time): GET /Projects
Sat May 23 2020 16:32:32 GMT+0530 (India Standard Time): GET /Projects
Sat May 23 2020 16:32:34 GMT+0530 (India Standard Time): GET /Projects
Sat May 23 2020 16:32:36 GMT+0530 (India Standard Time): GET /Projects
Sat May 23 2020 16:32:38 GMT+0530 (India Standard Time): GET /about
Sat May 23 2020 16:32:40 GMT+0530 (India Standard Time): GET /
Sat May 23 2020 16:32:42 GMT+0530 (India Standard Time): GET /about
Sat May 23 2020 16:32:43 GMT+0530 (India Standard Time): GET /Projects
Sat May 23 2020 16:32:45 GMT+0530 (India Standard Time): GET /about
Sat May 23 2020 16:32:47 GMT+0530 (India Standard Time): GET /Projects
Sat May 23 2020 16:39:13 GMT+0530 (India Standard Time): GET /
Sat May 23 2020 16:39:15 GMT+0530 (India Standard Time): GET /projects
Sat May 23 2020 16:39:19 GMT+0530 (India Standard Time): GET /about
Sat May 23 2020 16:39:20 GMT+0530 (India Standard Time): GET /
